[24-Oct-2023 00:38:36 America/New_York] Inicio de aplicación web!!!
[29-Oct-2023 21:58:33 America/New_York] Inicio de aplicación web!!!
[29-Oct-2023 21:58:33 America/New_York] APP::construct-> no hay controlador especificado
[29-Oct-2023 21:58:33 America/New_York] PHP Warning:  require_once(controllers/login.php): Failed to open stream: No such file or directory in /var/www/html/App-Control-gastos/libs/app.php on line 14
[29-Oct-2023 21:58:33 America/New_York] PHP Fatal error:  Uncaught Error: Failed opening required 'controllers/login.php' (include_path='.:/usr/share/php') in /var/www/html/App-Control-gastos/libs/app.php:14
Stack trace:
#0 /var/www/html/App-Control-gastos/index.php(17): App->__construct()
#1 {main}
  thrown in /var/www/html/App-Control-gastos/libs/app.php on line 14
[29-Oct-2023 21:58:34 America/New_York] Inicio de aplicación web!!!
[29-Oct-2023 21:58:34 America/New_York] APP::construct-> no hay controlador especificado
[29-Oct-2023 21:58:34 America/New_York] PHP Warning:  require_once(controllers/login.php): Failed to open stream: No such file or directory in /var/www/html/App-Control-gastos/libs/app.php on line 14
[29-Oct-2023 21:58:34 America/New_York] PHP Fatal error:  Uncaught Error: Failed opening required 'controllers/login.php' (include_path='.:/usr/share/php') in /var/www/html/App-Control-gastos/libs/app.php:14
Stack trace:
#0 /var/www/html/App-Control-gastos/index.php(17): App->__construct()
#1 {main}
  thrown in /var/www/html/App-Control-gastos/libs/app.php on line 14
[29-Oct-2023 21:59:11 America/New_York] Inicio de aplicación web!!!
[29-Oct-2023 21:59:11 America/New_York] APP::construct-> no hay controlador especificado
[29-Oct-2023 21:59:11 America/New_York] PHP Warning:  require_once(controllers/login.php): Failed to open stream: No such file or directory in /var/www/html/App-Control-gastos/libs/app.php on line 14
[29-Oct-2023 21:59:11 America/New_York] PHP Fatal error:  Uncaught Error: Failed opening required 'controllers/login.php' (include_path='.:/usr/share/php') in /var/www/html/App-Control-gastos/libs/app.php:14
Stack trace:
#0 /var/www/html/App-Control-gastos/index.php(17): App->__construct()
#1 {main}
  thrown in /var/www/html/App-Control-gastos/libs/app.php on line 14
[29-Oct-2023 21:59:13 America/New_York] Inicio de aplicación web!!!
[29-Oct-2023 21:59:13 America/New_York] APP::construct-> no hay controlador especificado
[29-Oct-2023 21:59:13 America/New_York] PHP Warning:  require_once(controllers/login.php): Failed to open stream: No such file or directory in /var/www/html/App-Control-gastos/libs/app.php on line 14
[29-Oct-2023 21:59:13 America/New_York] PHP Fatal error:  Uncaught Error: Failed opening required 'controllers/login.php' (include_path='.:/usr/share/php') in /var/www/html/App-Control-gastos/libs/app.php:14
Stack trace:
#0 /var/www/html/App-Control-gastos/index.php(17): App->__construct()
#1 {main}
  thrown in /var/www/html/App-Control-gastos/libs/app.php on line 14
[29-Oct-2023 21:59:27 America/New_York] Inicio de aplicación web!!!
[29-Oct-2023 21:59:27 America/New_York] APP::construct-> no hay controlador especificado
[29-Oct-2023 21:59:27 America/New_York] PHP Warning:  require_once(controllers/login.php): Failed to open stream: No such file or directory in /var/www/html/App-Control-gastos/libs/app.php on line 14
[29-Oct-2023 21:59:27 America/New_York] PHP Fatal error:  Uncaught Error: Failed opening required 'controllers/login.php' (include_path='.:/usr/share/php') in /var/www/html/App-Control-gastos/libs/app.php:14
Stack trace:
#0 /var/www/html/App-Control-gastos/index.php(17): App->__construct()
#1 {main}
  thrown in /var/www/html/App-Control-gastos/libs/app.php on line 14
[29-Oct-2023 21:59:37 America/New_York] Inicio de aplicación web!!!
[29-Oct-2023 21:59:37 America/New_York] APP::construct-> no hay controlador especificado
[29-Oct-2023 21:59:37 America/New_York] PHP Warning:  require_once(controllers/login.php): Failed to open stream: No such file or directory in /var/www/html/App-Control-gastos/libs/app.php on line 14
[29-Oct-2023 21:59:37 America/New_York] PHP Fatal error:  Uncaught Error: Failed opening required 'controllers/login.php' (include_path='.:/usr/share/php') in /var/www/html/App-Control-gastos/libs/app.php:14
Stack trace:
#0 /var/www/html/App-Control-gastos/index.php(17): App->__construct()
#1 {main}
  thrown in /var/www/html/App-Control-gastos/libs/app.php on line 14
[29-Oct-2023 22:00:40 America/New_York] Inicio de aplicación web!!!
[29-Oct-2023 22:00:40 America/New_York] APP::construct-> no hay controlador especificado
[29-Oct-2023 22:00:40 America/New_York] PHP Warning:  require_once(controllers/login.php): Failed to open stream: No such file or directory in /var/www/html/App-Control-gastos/libs/app.php on line 14
[29-Oct-2023 22:00:40 America/New_York] PHP Fatal error:  Uncaught Error: Failed opening required 'controllers/login.php' (include_path='.:/usr/share/php') in /var/www/html/App-Control-gastos/libs/app.php:14
Stack trace:
#0 /var/www/html/App-Control-gastos/index.php(17): App->__construct()
#1 {main}
  thrown in /var/www/html/App-Control-gastos/libs/app.php on line 14
[29-Oct-2023 22:06:59 America/New_York] Inicio de aplicación web!!!
[29-Oct-2023 22:06:59 America/New_York] APP::construct-> no hay controlador especificado
[29-Oct-2023 22:06:59 America/New_York] Login::construct -> Inicio de Login
[05-Nov-2023 18:04:28 America/New_York] Inicio de aplicación web!!!
[05-Nov-2023 18:04:28 America/New_York] APP::construct-> no hay controlador especificado
[05-Nov-2023 18:04:28 America/New_York] Login::construct -> Inicio de Login
[05-Nov-2023 18:04:28 America/New_York] PHP Fatal error:  Uncaught Error: Call to undefined method Login::loadModel() in /var/www/html/App-Control-gastos/libs/app.php:16
Stack trace:
#0 /var/www/html/App-Control-gastos/index.php(17): App->__construct()
#1 {main}
  thrown in /var/www/html/App-Control-gastos/libs/app.php on line 16
[05-Nov-2023 18:04:29 America/New_York] Inicio de aplicación web!!!
[05-Nov-2023 18:04:29 America/New_York] APP::construct-> no hay controlador especificado
[05-Nov-2023 18:04:29 America/New_York] Login::construct -> Inicio de Login
[05-Nov-2023 18:04:29 America/New_York] PHP Fatal error:  Uncaught Error: Call to undefined method Login::loadModel() in /var/www/html/App-Control-gastos/libs/app.php:16
Stack trace:
#0 /var/www/html/App-Control-gastos/index.php(17): App->__construct()
#1 {main}
  thrown in /var/www/html/App-Control-gastos/libs/app.php on line 16
[05-Nov-2023 18:04:30 America/New_York] Inicio de aplicación web!!!
[05-Nov-2023 18:04:30 America/New_York] APP::construct-> no hay controlador especificado
[05-Nov-2023 18:04:30 America/New_York] Login::construct -> Inicio de Login
[05-Nov-2023 18:04:30 America/New_York] PHP Fatal error:  Uncaught Error: Call to undefined method Login::loadModel() in /var/www/html/App-Control-gastos/libs/app.php:16
Stack trace:
#0 /var/www/html/App-Control-gastos/index.php(17): App->__construct()
#1 {main}
  thrown in /var/www/html/App-Control-gastos/libs/app.php on line 16
